<?xml version="1.0" encoding="UTF-8"?>
<!-- Generated by org.testng.reporters.JUnitReportReporter -->
<testsuite hostname="C-67H4FC2" failures="0" tests="1" name="com.example.TestRunner" time="8.750" errors="0" timestamp="2024-10-21T11:51:23 EEST" skipped="0">
  <testcase classname="com.example.TestRunner" name="runScenario" time="8.750"/>
  <system-out/>
</testsuite> <!-- com.example.TestRunner -->
